Starblast Modding Console - Alpha 6
Type "help" for help
Region set to Europe
> start
Code initialization took 3ms
Mod started
https://starblast.io#8952@195.201.89.106:3006
Use 'test' to open game frame for testing
<OC_GG> died piloting a [Pulse-Fighter]!
<ᑕᖇEEᑭYᑕᖇEEᑭEᖇ> destroyed a [Green Piranha] using a [Y-Defender]!
<ᑕᖇEEᑭYᑕᖇEEᑭEᖇ> destroyed <L.C.Y.>'s [Y-Defender] using a [Y-Defender]!
<ᑕᖇEEᑭYᑕᖇEEᑭEᖇ> destroyed <L.C.Y.>'s [Y-Defender] using a [Y-Defender]!
<L.C.Y.> destroyed a [Yellow Piranha] using a [Crusader]!
<ᑕᖇEEᑭYᑕᖇEEᑭEᖇ> destroyed a [Green Piranha] using a [Pioneer]!
<L.C.Y.> destroyed a [Yellow Piranha] using a [Howler]!
<L.C.Y.> destroyed a [Green Piranha] using a [Howler]!
<L.C.Y.> destroyed <ᑕᖇEEᑭYᑕᖇEEᑭEᖇ>'s [Shadow X-2+] using a [Howler]!
<L.C.Y.> destroyed <OC_YHF>'s [Howler] using a [Howler]!
<L.C.Y.> destroyed <OC_YHF>'s [Howler] using a [Howler]!
<ᑕᖇEEᑭYᑕᖇEEᑭEᖇ> destroyed <L.C.Y.>'s [Howler] using a [Shadow X-2+]!
<OC_YHF> destroyed <L.C.Y.>'s [Howler] using a [Howler]!
<L.C.Y.> destroyed <OC_YHF>'s [Howler] using a [Howler]!
<L.C.Y.> destroyed a [Yellow Piranha] using a [Howler]!
<ᑕᖇEEᑭYᑕᖇEEᑭEᖇ> destroyed a [Red Piranha] using a [Shadow X-2+]!
<ᑕᖇEEᑭYᑕᖇEEᑭEᖇ> destroyed a [Red Piranha] using a [Shadow X-2+]!
<ᑕᖇEEᑭYᑕᖇEEᑭEᖇ> destroyed <L.C.Y.>'s [Howler] using a [Shadow X-2+]!
<ᑕᖇEEᑭYᑕᖇEEᑭEᖇ> destroyed a [Red Piranha] using a [Shadow X-2+]!
> stop
Mod stopped
